Start testing: Sep 19 07:48 MSK
----------------------------------------------------------
1/5 Testing: TestHits.Test1
1/5 Test: TestHits.Test1
Command: "/home/dobrovolskaya/Рабочий стол/LIRS/LIRS_Test/build/hello_test" "--gtest_filter=TestHits.Test1" "--gtest_also_run_disabled_tests"
Directory: /home/dobrovolskaya/Рабочий стол/LIRS/LIRS_Test/build
"TestHits.Test1" start time: Sep 19 07:48 MSK
Output:
----------------------------------------------------------
Running main() from /home/dobrovolskaya/Рабочий стол/LIRS/LIRS_Test/build/_deps/googletest-src/googletest/src/gtest_main.cc
Note: Google Test filter = TestHits.Test1
[==========] Running 1 test from 1 test suite.
[----------] Global test environment set-up.
[----------] 1 test from TestHits
[ RUN      ] TestHits.Test1
/home/dobrovolskaya/Рабочий стол/LIRS/LIRS_Test/Test.cpp:8: Failure
Expected equality of these values:
  get_answer(0)
    Which is: 5
  get_result(0)
    Which is: 6
[  FAILED  ] TestHits.Test1 (0 ms)
[----------] 1 test from TestHits (0 ms total)

[----------] Global test environment tear-down
[==========] 1 test from 1 test suite ran. (0 ms total)
[  PASSED  ] 0 tests.
[  FAILED  ] 1 test, listed below:
[  FAILED  ] TestHits.Test1

 1 FAILED TEST
<end of output>
Test time =   0.00 sec
----------------------------------------------------------
Test Failed.
"TestHits.Test1" end time: Sep 19 07:48 MSK
"TestHits.Test1" time elapsed: 00:00:00
----------------------------------------------------------

2/5 Testing: TestHits.Test2
2/5 Test: TestHits.Test2
Command: "/home/dobrovolskaya/Рабочий стол/LIRS/LIRS_Test/build/hello_test" "--gtest_filter=TestHits.Test2" "--gtest_also_run_disabled_tests"
Directory: /home/dobrovolskaya/Рабочий стол/LIRS/LIRS_Test/build
"TestHits.Test2" start time: Sep 19 07:48 MSK
Output:
----------------------------------------------------------
Running main() from /home/dobrovolskaya/Рабочий стол/LIRS/LIRS_Test/build/_deps/googletest-src/googletest/src/gtest_main.cc
Note: Google Test filter = TestHits.Test2
[==========] Running 1 test from 1 test suite.
[----------] Global test environment set-up.
[----------] 1 test from TestHits
[ RUN      ] TestHits.Test2
[       OK ] TestHits.Test2 (0 ms)
[----------] 1 test from TestHits (0 ms total)

[----------] Global test environment tear-down
[==========] 1 test from 1 test suite ran. (0 ms total)
[  PASSED  ] 1 test.
<end of output>
Test time =   0.00 sec
----------------------------------------------------------
Test Passed.
"TestHits.Test2" end time: Sep 19 07:48 MSK
"TestHits.Test2" time elapsed: 00:00:00
----------------------------------------------------------

3/5 Testing: TestHits.Test3
3/5 Test: TestHits.Test3
Command: "/home/dobrovolskaya/Рабочий стол/LIRS/LIRS_Test/build/hello_test" "--gtest_filter=TestHits.Test3" "--gtest_also_run_disabled_tests"
Directory: /home/dobrovolskaya/Рабочий стол/LIRS/LIRS_Test/build
"TestHits.Test3" start time: Sep 19 07:48 MSK
Output:
----------------------------------------------------------
Running main() from /home/dobrovolskaya/Рабочий стол/LIRS/LIRS_Test/build/_deps/googletest-src/googletest/src/gtest_main.cc
Note: Google Test filter = TestHits.Test3
[==========] Running 1 test from 1 test suite.
[----------] Global test environment set-up.
[----------] 1 test from TestHits
[ RUN      ] TestHits.Test3
[       OK ] TestHits.Test3 (0 ms)
[----------] 1 test from TestHits (0 ms total)

[----------] Global test environment tear-down
[==========] 1 test from 1 test suite ran. (0 ms total)
[  PASSED  ] 1 test.
<end of output>
Test time =   0.00 sec
----------------------------------------------------------
Test Passed.
"TestHits.Test3" end time: Sep 19 07:48 MSK
"TestHits.Test3" time elapsed: 00:00:00
----------------------------------------------------------

4/5 Testing: TestHits.Test4
4/5 Test: TestHits.Test4
Command: "/home/dobrovolskaya/Рабочий стол/LIRS/LIRS_Test/build/hello_test" "--gtest_filter=TestHits.Test4" "--gtest_also_run_disabled_tests"
Directory: /home/dobrovolskaya/Рабочий стол/LIRS/LIRS_Test/build
"TestHits.Test4" start time: Sep 19 07:48 MSK
Output:
----------------------------------------------------------
Running main() from /home/dobrovolskaya/Рабочий стол/LIRS/LIRS_Test/build/_deps/googletest-src/googletest/src/gtest_main.cc
Note: Google Test filter = TestHits.Test4
[==========] Running 1 test from 1 test suite.
[----------] Global test environment set-up.
[----------] 1 test from TestHits
[ RUN      ] TestHits.Test4
/home/dobrovolskaya/Рабочий стол/LIRS/LIRS_Test/Test.cpp:29: Failure
Expected equality of these values:
  get_answer(3)
    Which is: 99
  get_result(3)
    Which is: 98
[  FAILED  ] TestHits.Test4 (0 ms)
[----------] 1 test from TestHits (0 ms total)

[----------] Global test environment tear-down
[==========] 1 test from 1 test suite ran. (0 ms total)
[  PASSED  ] 0 tests.
[  FAILED  ] 1 test, listed below:
[  FAILED  ] TestHits.Test4

 1 FAILED TEST
<end of output>
Test time =   0.00 sec
----------------------------------------------------------
Test Failed.
"TestHits.Test4" end time: Sep 19 07:48 MSK
"TestHits.Test4" time elapsed: 00:00:00
----------------------------------------------------------

5/5 Testing: TestHits.Test5
5/5 Test: TestHits.Test5
Command: "/home/dobrovolskaya/Рабочий стол/LIRS/LIRS_Test/build/hello_test" "--gtest_filter=TestHits.Test5" "--gtest_also_run_disabled_tests"
Directory: /home/dobrovolskaya/Рабочий стол/LIRS/LIRS_Test/build
"TestHits.Test5" start time: Sep 19 07:48 MSK
Output:
----------------------------------------------------------
Running main() from /home/dobrovolskaya/Рабочий стол/LIRS/LIRS_Test/build/_deps/googletest-src/googletest/src/gtest_main.cc
Note: Google Test filter = TestHits.Test5
[==========] Running 1 test from 1 test suite.
[----------] Global test environment set-up.
[----------] 1 test from TestHits
[ RUN      ] TestHits.Test5
[       OK ] TestHits.Test5 (0 ms)
[----------] 1 test from TestHits (0 ms total)

[----------] Global test environment tear-down
[==========] 1 test from 1 test suite ran. (0 ms total)
[  PASSED  ] 1 test.
<end of output>
Test time =   0.00 sec
----------------------------------------------------------
Test Passed.
"TestHits.Test5" end time: Sep 19 07:48 MSK
"TestHits.Test5" time elapsed: 00:00:00
----------------------------------------------------------

End testing: Sep 19 07:48 MSK
